<?xml version="1.0" encoding="UTF-8"?>
<testng-results skipped="0" failed="0" ignored="0" total="1" passed="1">
  <reporter-output>
  </reporter-output>
  <suite name="com.crm.Practice.ReadDataFromCmdLineTest" duration-ms="242" started-at="2022-02-17T13:08:38 IST" finished-at="2022-02-17T13:08:38 IST">
    <groups>
    </groups>
    <test name="Command line test" duration-ms="242" started-at="2022-02-17T13:08:38 IST" finished-at="2022-02-17T13:08:38 IST">
      <class name="com.crm.Practice.ReadDataFromCmdLineTest">
        <test-method status="PASS" signature="readDataFromCmdLine()[pri:0, instance:com.crm.Practice.ReadDataFromCmdLineTest@402a079c]" name="readDataFromCmdLine" duration-ms="20" started-at="2022-02-17T13:08:38 IST" finished-at="2022-02-17T13:08:38 IST">
          <reporter-output>
          </reporter-output>
        </test-method> <!-- readDataFromCmdLine -->
      </class> <!-- com.crm.Practice.ReadDataFromCmdLineTest -->
    </test> <!-- Command line test -->
  </suite> <!-- com.crm.Practice.ReadDataFromCmdLineTest -->
</testng-results>
