<?xml version="1.0" encoding="UTF-8"?>
<testng-results skipped="0" failed="0" total="1" passed="1">
  <reporter-output>
    <line>
      <![CDATA[===============browser launch successful======]]>
    </line>
    <line>
      <![CDATA[======Login successful======]]>
    </line>
    <line>
      <![CDATA[======Logout successful======]]>
    </line>
    <line>
      <![CDATA[======Browser close successful======]]>
    </line>
    <line>
      <![CDATA[======Database close successful======]]>
    </line>
  </reporter-output>
  <suite name="Default suite" duration-ms="65417" started-at="2022-03-09T11:36:51Z" finished-at="2022-03-09T11:37:57Z">
    <groups>
    </groups>
    <test name="Default test" duration-ms="65417" started-at="2022-03-09T11:36:51Z" finished-at="2022-03-09T11:37:57Z">
      <class name="com.crm.ContactTests.ContactsWebTableChkBoxAndDeleteTest">
        <test-method status="PASS" signature="connectDataBase()[pri:0, instance:com.crm.ContactTests.ContactsWebTableChkBoxAndDeleteTest@d041cf]" name="connectDataBase" is-config="true" duration-ms="16" started-at="2022-03-09T17:06:51Z" finished-at="2022-03-09T17:06:51Z">
          <reporter-output>
          </reporter-output>
        </test-method> <!-- connectDataBase -->
        <test-method status="PASS" signature="launchBrower()[pri:0, instance:com.crm.ContactTests.ContactsWebTableChkBoxAndDeleteTest@d041cf]" name="launchBrower" is-config="true" duration-ms="10201" started-at="2022-03-09T17:06:51Z" finished-at="2022-03-09T17:07:02Z">
          <reporter-output>
            <line>
              <![CDATA[===============browser launch successful======]]>
            </line>
          </reporter-output>
        </test-method> <!-- launchBrower -->
        <test-method status="PASS" signature="login()[pri:0, instance:com.crm.ContactTests.ContactsWebTableChkBoxAndDeleteTest@d041cf]" name="login" is-config="true" duration-ms="10269" started-at="2022-03-09T17:07:02Z" finished-at="2022-03-09T17:07:12Z">
          <reporter-output>
            <line>
              <![CDATA[======Login successful======]]>
            </line>
          </reporter-output>
        </test-method> <!-- login -->
        <test-method status="PASS" signature="contactsWebTableChkBoxAndDelete()[pri:0, instance:com.crm.ContactTests.ContactsWebTableChkBoxAndDeleteTest@d041cf]" name="contactsWebTableChkBoxAndDelete" duration-ms="18245" started-at="2022-03-09T17:07:12Z" finished-at="2022-03-09T17:07:30Z">
          <reporter-output>
          </reporter-output>
        </test-method> <!-- contactsWebTableChkBoxAndDelete -->
        <test-method status="PASS" signature="logout()[pri:0, instance:com.crm.ContactTests.ContactsWebTableChkBoxAndDeleteTest@d041cf]" name="logout" is-config="true" duration-ms="25161" started-at="2022-03-09T17:07:30Z" finished-at="2022-03-09T17:07:55Z">
          <reporter-output>
            <line>
              <![CDATA[======Logout successful======]]>
            </line>
          </reporter-output>
        </test-method> <!-- logout -->
        <test-method status="PASS" signature="closeBrowser()[pri:0, instance:com.crm.ContactTests.ContactsWebTableChkBoxAndDeleteTest@d041cf]" name="closeBrowser" is-config="true" duration-ms="1513" started-at="2022-03-09T17:07:55Z" finished-at="2022-03-09T17:07:57Z">
          <reporter-output>
            <line>
              <![CDATA[======Browser close successful======]]>
            </line>
          </reporter-output>
        </test-method> <!-- closeBrowser -->
        <test-method status="PASS" signature="CloseDb()[pri:0, instance:com.crm.ContactTests.ContactsWebTableChkBoxAndDeleteTest@d041cf]" name="CloseDb" is-config="true" duration-ms="0" started-at="2022-03-09T17:07:57Z" finished-at="2022-03-09T17:07:57Z">
          <reporter-output>
            <line>
              <![CDATA[======Database close successful======]]>
            </line>
          </reporter-output>
        </test-method> <!-- CloseDb -->
      </class> <!-- com.crm.ContactTests.ContactsWebTableChkBoxAndDeleteTest -->
    </test> <!-- Default test -->
  </suite> <!-- Default suite -->
</testng-results>
